Using pre-set license
Built from '2020.3/staging' branch; Version is '2020.3.26f1 (7298b473bc1a) revision 7510196'; Using compiler version '192528614'; Build Type 'Release'
OS: 'Windows 10  (10.0.19045) 64bit CoreSingleLanguage' Language: 'en' Physical Memory: 7524 MB
BatchMode: 1, IsHumanControllingUs: 0, StartBugReporterOnCrash: 0, Is64bit: 1, IsPro: 0

COMMAND LINE ARGUMENTS:
C:\Program Files\Unity\Hub\Editor\2020.3.26f1\Editor\Unity.exe
-adb2
-batchMode
-noUpm
-name
AssetImportWorker0
-projectPath
C:/Dev/GameDev/Projects/unity-2048-game/unity-2048-game
-logFile
Logs/AssetImportWorker0.log
-srvPort
64323
Successfully changed project path to: C:/Dev/GameDev/Projects/unity-2048-game/unity-2048-game
C:/Dev/GameDev/Projects/unity-2048-game/unity-2048-game
Using Asset Import Pipeline V2.
Refreshing native plugins compatible for Editor in 39.26 ms, found 3 plugins.
Preloading 0 native plugins for Editor in 0.00 ms.
Initialize engine version: 2020.3.26f1 (7298b473bc1a)
[Subsystems] Discovering subsystems at path C:/Program Files/Unity/Hub/Editor/2020.3.26f1/Editor/Data/Resources/UnitySubsystems
[Subsystems] Discovering subsystems at path C:/Dev/GameDev/Projects/unity-2048-game/unity-2048-game/Assets
GfxDevice: creating device client; threaded=0
Direct3D:
    Version:  Direct3D 11.0 [level 11.1]
    Renderer: NVIDIA GeForce RTX 3050 Laptop GPU (ID=0x25a2)
    Vendor:   
    VRAM:     3991 MB
    Driver:   31.0.15.1694
Initialize mono
Mono path[0] = 'C:/Program Files/Unity/Hub/Editor/2020.3.26f1/Editor/Data/Managed'
Mono path[1] = 'C:/Program Files/Unity/Hub/Editor/2020.3.26f1/Editor/Data/MonoBleedingEdge/lib/mono/unityjit'
Mono config path = 'C:/Program Files/Unity/Hub/Editor/2020.3.26f1/Editor/Data/MonoBleedingEdge/etc'
Using monoOptions --debugger-agent=transport=dt_socket,embedding=1,server=y,suspend=n,address=127.0.0.1:56540
Begin MonoManager ReloadAssembly
Registering precompiled unity dll's ...
Register platform support module: C:/Program Files/Unity/Hub/Editor/2020.3.26f1/Editor/Data/PlaybackEngines/WebGLSupport/UnityEditor.WebGL.Extensions.dll
Register platform support module: C:/Program Files/Unity/Hub/Editor/2020.3.26f1/Editor/Data/PlaybackEngines/WindowsStandaloneSupport/UnityEditor.WindowsStandalone.Extensions.dll
Registered in 0.002272 seconds.
Native extension for WindowsStandalone target not found
Native extension for WebGL target not found
Refreshing native plugins compatible for Editor in 35.55 ms, found 3 plugins.
Preloading 0 native plugins for Editor in 0.00 ms.
Mono: successfully reloaded assembly
- Completed reload, in  0.455 seconds
Domain Reload Profiling:
	ReloadAssembly (455ms)
		BeginReloadAssembly (44ms)
			ExecutionOrderSort (0ms)
			DisableScriptedObjects (0ms)
			BackupInstance (0ms)
			ReleaseScriptingObjects (0ms)
			CreateAndSetChildDomain (1ms)
		EndReloadAssembly (350ms)
			LoadAssemblies (42ms)
			RebuildTransferFunctionScriptingTraits (0ms)
			SetupTypeCache (106ms)
			ReleaseScriptCaches (0ms)
			RebuildScriptCaches (21ms)
			SetupLoadedEditorAssemblies (139ms)
				LogAssemblyErrors (0ms)
				InitializePlatformSupportModulesInManaged (4ms)
				SetLoadedEditorAssemblies (0ms)
				RefreshPlugins (36ms)
				BeforeProcessingInitializeOnLoad (11ms)
				ProcessInitializeOnLoadAttributes (65ms)
				ProcessInitializeOnLoadMethodAttributes (22ms)
				AfterProcessingInitializeOnLoad (0ms)
				EditorAssembliesLoaded (0ms)
			ExecutionOrderSort2 (0ms)
			AwakeInstancesAfterBackupRestoration (0ms)
Platform modules already initialized, skipping
Registering precompiled user dll's ...
Registered in 0.006091 seconds.
Begin MonoManager ReloadAssembly
Native extension for WindowsStandalone target not found
Native extension for WebGL target not found
Refreshing native plugins compatible for Editor in 34.84 ms, found 3 plugins.
Preloading 0 native plugins for Editor in 0.00 ms.
Mono: successfully reloaded assembly
- Completed reload, in  0.876 seconds
Domain Reload Profiling:
	ReloadAssembly (877ms)
		BeginReloadAssembly (106ms)
			ExecutionOrderSort (0ms)
			DisableScriptedObjects (4ms)
			BackupInstance (0ms)
			ReleaseScriptingObjects (0ms)
			CreateAndSetChildDomain (16ms)
		EndReloadAssembly (723ms)
			LoadAssemblies (76ms)
			RebuildTransferFunctionScriptingTraits (0ms)
			SetupTypeCache (214ms)
			ReleaseScriptCaches (0ms)
			RebuildScriptCaches (36ms)
			SetupLoadedEditorAssemblies (304ms)
				LogAssemblyErrors (0ms)
				InitializePlatformSupportModulesInManaged (4ms)
				SetLoadedEditorAssemblies (0ms)
				RefreshPlugins (35ms)
				BeforeProcessingInitializeOnLoad (76ms)
				ProcessInitializeOnLoadAttributes (170ms)
				ProcessInitializeOnLoadMethodAttributes (13ms)
				AfterProcessingInitializeOnLoad (6ms)
				EditorAssembliesLoaded (0ms)
			ExecutionOrderSort2 (0ms)
			AwakeInstancesAfterBackupRestoration (6ms)
Platform modules already initialized, skipping
========================================================================
Worker process is ready to serve import requests
Launched and connected shader compiler UnityShaderCompiler.exe after 0.04 seconds
Refreshing native plugins compatible for Editor in 0.48 ms, found 3 plugins.
Preloading 0 native plugins for Editor in 0.00 ms.
Unloading 2197 Unused Serialized files (Serialized files now loaded: 0)
System memory in use before: 95.9 MB.
System memory in use after: 96.0 MB.

Unloading 28 unused Assets to reduce memory usage. Loaded Objects now: 2630.
Total: 3.302100 ms (FindLiveObjects: 0.216700 ms CreateObjectMapping: 0.089300 ms MarkObjects: 2.931800 ms  DeleteObjects: 0.063100 ms)

AssetImportParameters requested are different than current active one (requested -> active):
  custom:framework-win-MediaFoundation: 216162199b28c13a410421893ffa2e32 -> 
  custom:video-decoder-ogg-theora: a1e56fd34408186e4bbccfd4996cb3dc -> 
  custom:container-muxer-webm: aa71ff27fc2769a1b78a27578f13a17b -> 
  custom:container-demuxer-webm: 4f35f7cbe854078d1ac9338744f61a02 -> 
  custom:container-demuxer-ogg: 62fdf1f143b41e24485cea50d1cbac27 -> 
  custom:video-encoder-webm-vp8: eb34c28f22e8b96e1ab97ce403110664 -> 
  custom:video-codec-MediaFoundation-h265: 746d11721c4dcdbdad8f713fa42b33f4 -> 
  custom:video-decoder-webm-vp8: 9c59270c3fd7afecdb556c50c9e8de78 -> 
  custom:audio-decoder-ogg-vorbis: bf7c407c2cedff20999df2af8eb42d56 -> 
  custom:audio-encoder-webm-vorbis: bf7c407c2cedff20999df2af8eb42d56 -> 
========================================================================
Received Import Request.
  path: Assets
  artifactKey: Guid(00000000000000001000000000000000) Importer(815301076,1909f56bfc062723c751e8b465ee728b)
Start importing Assets using Guid(00000000000000001000000000000000) Importer(815301076,1909f56bfc062723c751e8b465ee728b)  -> (artifact id: '42d402b061de3733987d63b9cc3b64de') in 0.009174 seconds 
  Import took 0.013340 seconds .

========================================================================
Received Import Request.
  Time since last request: 2.451652 seconds.
  path: Assets/Sprites
  artifactKey: Guid(f0e2e1dc99772954e9d45d75c21d2c60) Importer(815301076,1909f56bfc062723c751e8b465ee728b)
Start importing Assets/Sprites using Guid(f0e2e1dc99772954e9d45d75c21d2c60) Importer(815301076,1909f56bfc062723c751e8b465ee728b)  -> (artifact id: '7edc146d0fd3af49455551e002dd9d46') in 0.006131 seconds 
  Import took 0.009606 seconds .

========================================================================
Received Import Request.
  Time since last request: 14.386618 seconds.
  path: Assets/Sprites/Tile.png
  artifactKey: Guid(4f75945884e92b842b7e8b88f9b92b08) Importer(815301076,1909f56bfc062723c751e8b465ee728b)
Start importing Assets/Sprites/Tile.png using Guid(4f75945884e92b842b7e8b88f9b92b08) Importer(815301076,1909f56bfc062723c751e8b465ee728b)  -> (artifact id: '2671558c8f7aaa43f0aedefae05bf714') in 0.079585 seconds 
  Import took 0.083028 seconds .

========================================================================
Received Import Request.
  Time since last request: 66.015522 seconds.
  path: Assets/Fonts
  artifactKey: Guid(d8bd13f3b5b659343bec24b7375ded14) Importer(815301076,1909f56bfc062723c751e8b465ee728b)
Start importing Assets/Fonts using Guid(d8bd13f3b5b659343bec24b7375ded14) Importer(815301076,1909f56bfc062723c751e8b465ee728b)  -> (artifact id: 'cc82e78fe1a22a20a9584ddb088009f5') in 0.005735 seconds 
  Import took 0.009192 seconds .

========================================================================
Received Import Request.
  Time since last request: 5.944408 seconds.
  path: Assets/Fonts/ClearSans-Bold.ttf
  artifactKey: Guid(3ffc39a9aab95dc47ace14df0f9e4554) Importer(815301076,1909f56bfc062723c751e8b465ee728b)
Start importing Assets/Fonts/ClearSans-Bold.ttf using Guid(3ffc39a9aab95dc47ace14df0f9e4554) Importer(815301076,1909f56bfc062723c751e8b465ee728b)  -> (artifact id: '789423ceaebae4ddf96525bb45ff6ad3') in 0.099247 seconds 
  Import took 0.103376 seconds .

========================================================================
Received Import Request.
  Time since last request: 0.000167 seconds.
  path: Assets/Fonts/ClearSans-Thin.ttf
  artifactKey: Guid(ba67a9c2d105829439e6e225eafefabf) Importer(815301076,1909f56bfc062723c751e8b465ee728b)
Start importing Assets/Fonts/ClearSans-Thin.ttf using Guid(ba67a9c2d105829439e6e225eafefabf) Importer(815301076,1909f56bfc062723c751e8b465ee728b)  -> (artifact id: '682adb4c947a49512338d985b2b1507b') in 0.016381 seconds 
  Import took 0.020455 seconds .

========================================================================
Received Import Request.
  Time since last request: 0.000222 seconds.
  path: Assets/Fonts/ClearSans-MediumItalic.ttf
  artifactKey: Guid(17a06d618da383d4fa23420ce7c9a76a) Importer(815301076,1909f56bfc062723c751e8b465ee728b)
Start importing Assets/Fonts/ClearSans-MediumItalic.ttf using Guid(17a06d618da383d4fa23420ce7c9a76a) Importer(815301076,1909f56bfc062723c751e8b465ee728b)  -> (artifact id: '0af6acc7b29cf2311b1d7b6f263348ae') in 0.021760 seconds 
  Import took 0.025268 seconds .

========================================================================
Received Import Request.
  Time since last request: 0.000218 seconds.
  path: Assets/Fonts/ClearSans-Italic.ttf
  artifactKey: Guid(5acf285fe63fca54b89285151f2c8660) Importer(815301076,1909f56bfc062723c751e8b465ee728b)
Start importing Assets/Fonts/ClearSans-Italic.ttf using Guid(5acf285fe63fca54b89285151f2c8660) Importer(815301076,1909f56bfc062723c751e8b465ee728b)  -> (artifact id: 'e4b5a7f59f6f6e86ad67b00dac1839f1') in 0.012163 seconds 
  Import took 0.016430 seconds .

========================================================================
Received Import Request.
  Time since last request: 0.000164 seconds.
  path: Assets/Fonts/ClearSans-Light.ttf
  artifactKey: Guid(97322880cb5176b4b9975f36657b75b8) Importer(815301076,1909f56bfc062723c751e8b465ee728b)
Start importing Assets/Fonts/ClearSans-Light.ttf using Guid(97322880cb5176b4b9975f36657b75b8) Importer(815301076,1909f56bfc062723c751e8b465ee728b)  -> (artifact id: 'cf991fc78f35f57db872ad48e1f22290') in 0.012438 seconds 
  Import took 0.015333 seconds .

========================================================================
Received Import Request.
  Time since last request: 0.000153 seconds.
  path: Assets/Fonts/ClearSans-BoldItalic.ttf
  artifactKey: Guid(13402e7aeb1918c4eb552945720871b5) Importer(815301076,1909f56bfc062723c751e8b465ee728b)
Start importing Assets/Fonts/ClearSans-BoldItalic.ttf using Guid(13402e7aeb1918c4eb552945720871b5) Importer(815301076,1909f56bfc062723c751e8b465ee728b)  -> (artifact id: 'c9876fd2c18b1a3c802536db3fd55d26') in 0.012046 seconds 
  Import took 0.014996 seconds .

========================================================================
Received Import Request.
  Time since last request: 0.000175 seconds.
  path: Assets/Fonts/ClearSans-Regular.ttf
  artifactKey: Guid(a2cf1703bf554764f9e289a4e1af8aa7) Importer(815301076,1909f56bfc062723c751e8b465ee728b)
Start importing Assets/Fonts/ClearSans-Regular.ttf using Guid(a2cf1703bf554764f9e289a4e1af8aa7) Importer(815301076,1909f56bfc062723c751e8b465ee728b)  -> (artifact id: '41d79329170e4b0ebe09ce2558e78d1f') in 0.011038 seconds 
  Import took 0.013962 seconds .

========================================================================
Received Import Request.
  Time since last request: 0.000186 seconds.
  path: Assets/Fonts/ClearSans-Medium.ttf
  artifactKey: Guid(fa9f0c2a5964d1d4cbee07c6c010fb10) Importer(815301076,1909f56bfc062723c751e8b465ee728b)
Start importing Assets/Fonts/ClearSans-Medium.ttf using Guid(fa9f0c2a5964d1d4cbee07c6c010fb10) Importer(815301076,1909f56bfc062723c751e8b465ee728b)  -> (artifact id: '3483c89079e913fa86224afc0d878bc9') in 0.010826 seconds 
  Import took 0.014017 seconds .

========================================================================
Received Import Request.
  Time since last request: 1460.915324 seconds.
  path: Assets/Sprites/Tile.png
  artifactKey: Guid(4f75945884e92b842b7e8b88f9b92b08) Importer(815301076,1909f56bfc062723c751e8b465ee728b)
Start importing Assets/Sprites/Tile.png using Guid(4f75945884e92b842b7e8b88f9b92b08) Importer(815301076,1909f56bfc062723c751e8b465ee728b)  -> (artifact id: 'b2cc42d405836c01217ca211eba55f50') in 0.023001 seconds 
  Import took 0.029112 seconds .

========================================================================
Received Import Request.
  Time since last request: 61.624603 seconds.
  path: Assets/Sprites/Tile.png
  artifactKey: Guid(4f75945884e92b842b7e8b88f9b92b08) Importer(815301076,1909f56bfc062723c751e8b465ee728b)
Start importing Assets/Sprites/Tile.png using Guid(4f75945884e92b842b7e8b88f9b92b08) Importer(815301076,1909f56bfc062723c751e8b465ee728b)  -> (artifact id: '6304e4ccdc77d3a7618675c7c46129a9') in 0.045130 seconds 
  Import took 0.049036 seconds .

========================================================================
Received Import Request.
  Time since last request: 106.309533 seconds.
  path: Assets/TextMesh Pro/Documentation
  artifactKey: Guid(8e7e8f5a82a3a134e91c54efd2274ea9) Importer(815301076,1909f56bfc062723c751e8b465ee728b)
Start importing Assets/TextMesh Pro/Documentation using Guid(8e7e8f5a82a3a134e91c54efd2274ea9) Importer(815301076,1909f56bfc062723c751e8b465ee728b)  -> (artifact id: '7f5aa99e36510f23d626084d8be9669f') in 0.010400 seconds 
  Import took 0.013802 seconds .

========================================================================
Received Import Request.
  Time since last request: 38.013213 seconds.
  path: Assets/Fonts/ClearSans-Bold SDF.asset
  artifactKey: Guid(96a5ee0d1ef3d10448c08fc0648ff094) Importer(815301076,1909f56bfc062723c751e8b465ee728b)
Start importing Assets/Fonts/ClearSans-Bold SDF.asset using Guid(96a5ee0d1ef3d10448c08fc0648ff094) Importer(815301076,1909f56bfc062723c751e8b465ee728b) Shader 'TextMeshPro/Distance Field': fallback shader 'TextMeshPro/Mobile/Distance Field' not found
 -> (artifact id: 'd8de872a8c9dcff90d831869cbea62cb') in 0.061321 seconds 
  Import took 0.064720 seconds .

========================================================================
Received Import Request.
  Time since last request: 0.000199 seconds.
  path: Assets/Fonts/ClearSans-Medium SDF.asset
  artifactKey: Guid(83b2974fda1db6d4895870eb213700bb) Importer(815301076,1909f56bfc062723c751e8b465ee728b)
Start importing Assets/Fonts/ClearSans-Medium SDF.asset using Guid(83b2974fda1db6d4895870eb213700bb) Importer(815301076,1909f56bfc062723c751e8b465ee728b) Shader 'TextMeshPro/Distance Field': fallback shader 'TextMeshPro/Mobile/Distance Field' not found
 -> (artifact id: '8dddafbf2c1cfcb1152511d1fc410b18') in 0.038309 seconds 
  Import took 0.042250 seconds .

========================================================================
Received Import Request.
  Time since last request: 0.000164 seconds.
  path: Assets/Fonts/ClearSans-Light SDF.asset
  artifactKey: Guid(fecb4a1cd16dc9f42a09e63b0363e1e3) Importer(815301076,1909f56bfc062723c751e8b465ee728b)
Start importing Assets/Fonts/ClearSans-Light SDF.asset using Guid(fecb4a1cd16dc9f42a09e63b0363e1e3) Importer(815301076,1909f56bfc062723c751e8b465ee728b) Shader 'TextMeshPro/Distance Field': fallback shader 'TextMeshPro/Mobile/Distance Field' not found
 -> (artifact id: '7808d7aada1407f9102d0dd1d5a381d6') in 0.017787 seconds 
  Import took 0.021478 seconds .

========================================================================
Received Import Request.
  Time since last request: 0.000164 seconds.
  path: Assets/Fonts/ClearSans-Regular SDF.asset
  artifactKey: Guid(b3a0a325585bc4a4db3f58c6961366a9) Importer(815301076,1909f56bfc062723c751e8b465ee728b)
Start importing Assets/Fonts/ClearSans-Regular SDF.asset using Guid(b3a0a325585bc4a4db3f58c6961366a9) Importer(815301076,1909f56bfc062723c751e8b465ee728b) Shader 'TextMeshPro/Distance Field': fallback shader 'TextMeshPro/Mobile/Distance Field' not found
 -> (artifact id: 'b95f8f84105e32be228f844506af2608') in 0.015671 seconds 
  Import took 0.018577 seconds .

========================================================================
Received Import Request.
  Time since last request: 0.000232 seconds.
  path: Assets/Fonts/ClearSans-BoldItalic SDF.asset
  artifactKey: Guid(b601a5dda9b752d489a5944121d9329f) Importer(815301076,1909f56bfc062723c751e8b465ee728b)
Start importing Assets/Fonts/ClearSans-BoldItalic SDF.asset using Guid(b601a5dda9b752d489a5944121d9329f) Importer(815301076,1909f56bfc062723c751e8b465ee728b) Shader 'TextMeshPro/Distance Field': fallback shader 'TextMeshPro/Mobile/Distance Field' not found
 -> (artifact id: '345dffd40e7cdb384bdbbbdfd336bd66') in 0.016239 seconds 
  Import took 0.019310 seconds .

========================================================================
Received Import Request.
  Time since last request: 0.000199 seconds.
  path: Assets/Fonts/ClearSans-MediumItalic SDF.asset
  artifactKey: Guid(2a5840ea44ad9b240b2cc14f3f84830d) Importer(815301076,1909f56bfc062723c751e8b465ee728b)
Start importing Assets/Fonts/ClearSans-MediumItalic SDF.asset using Guid(2a5840ea44ad9b240b2cc14f3f84830d) Importer(815301076,1909f56bfc062723c751e8b465ee728b) Shader 'TextMeshPro/Distance Field': fallback shader 'TextMeshPro/Mobile/Distance Field' not found
 -> (artifact id: 'c9cd22237448f706811a249b7aa62986') in 0.015537 seconds 
  Import took 0.019095 seconds .

========================================================================
Received Import Request.
  Time since last request: 0.000160 seconds.
  path: Assets/Fonts/ClearSans-Italic SDF.asset
  artifactKey: Guid(feee2f46d7d673541b115d791798616d) Importer(815301076,1909f56bfc062723c751e8b465ee728b)
Start importing Assets/Fonts/ClearSans-Italic SDF.asset using Guid(feee2f46d7d673541b115d791798616d) Importer(815301076,1909f56bfc062723c751e8b465ee728b) Shader 'TextMeshPro/Distance Field': fallback shader 'TextMeshPro/Mobile/Distance Field' not found
 -> (artifact id: '38ed7921e271c0104c4c38dc7eff528a') in 0.017521 seconds 
  Import took 0.020870 seconds .

========================================================================
Received Import Request.
  Time since last request: 0.000149 seconds.
  path: Assets/Fonts/ClearSans-Thin SDF.asset
  artifactKey: Guid(b4372ebe2114ee8499d5a4416713e623) Importer(815301076,1909f56bfc062723c751e8b465ee728b)
Start importing Assets/Fonts/ClearSans-Thin SDF.asset using Guid(b4372ebe2114ee8499d5a4416713e623) Importer(815301076,1909f56bfc062723c751e8b465ee728b) Shader 'TextMeshPro/Distance Field': fallback shader 'TextMeshPro/Mobile/Distance Field' not found
 -> (artifact id: '3acf7a00dda1e0c4c9ef3d3db5d7a8cc') in 0.016039 seconds 
  Import took 0.019448 seconds .

========================================================================
Received Import Request.
  Time since last request: 42.355230 seconds.
  path: Assets/Scenes/SampleScene.unity
  artifactKey: Guid(2cda990e2423bbf4892e6590ba056729) Importer(815301076,1909f56bfc062723c751e8b465ee728b)
Start importing Assets/Scenes/SampleScene.unity using Guid(2cda990e2423bbf4892e6590ba056729) Importer(815301076,1909f56bfc062723c751e8b465ee728b)  -> (artifact id: 'aa27944bdea339c97c39027c7eea529c') in 0.008664 seconds 
  Import took 0.013584 seconds .

========================================================================
Received Import Request.
  Time since last request: 6.124011 seconds.
  path: Assets/Scenes/2048.unity
  artifactKey: Guid(2cda990e2423bbf4892e6590ba056729) Importer(815301076,1909f56bfc062723c751e8b465ee728b)
Start importing Assets/Scenes/2048.unity using Guid(2cda990e2423bbf4892e6590ba056729) Importer(815301076,1909f56bfc062723c751e8b465ee728b)  -> (artifact id: '9b967b029edafdca9a603e4cf6aeb9eb') in 0.006463 seconds 
  Import took 0.010421 seconds .

AssetImportWorkerClient::OnTransportError - code=2 error=End of file
